This is pdfTeX, Version 3.14159265-2.6-1.40.18 (MiKTeX 2.9.6350 64-bit) (preloaded format=pdflatex 2022.12.12)  12 DEC 2022 16:26
entering extended mode
**./report.tex
(report.tex
LaTeX2e <2017-04-15>
Babel <3.10> and hyphenation patterns for 75 language(s) loaded.

(C:\ProgramData\App-V\078D2323-9976-4116-9973-8153816222DE\66D9808C-A32C-466E-A
4A0-6B8B426428F8\root\Miktex\tex/latex\base\article.cls
Document Class: article 2014/09/29 v1.4h Standard LaTeX document class

(C:\ProgramData\App-V\078D2323-9976-4116-9973-8153816222DE\66D9808C-A32C-466E-A
4A0-6B8B426428F8\root\Miktex\tex/latex\base\size10.clo
File: size10.clo 2014/09/29 v1.4h Standard LaTeX file (size option)
)
\c@part=\count79
\c@section=\count80
\c@subsection=\count81
\c@subsubsection=\count82
\c@paragraph=\count83
\c@subparagraph=\count84
\c@figure=\count85
\c@table=\count86
\abovecaptionskip=\skip41
\belowcaptionskip=\skip42
\bibindent=\dimen102
)

! LaTeX Error: File `spconf.sty' not found.

Type X to quit or <RETURN> to proceed,
or enter new name. (Default extension: sty)

Enter file name: 
! Emergency stop.
<read *> 
         
l.7 
     
*** (cannot \read from terminal in nonstop modes)

 
Here is how much of TeX's memory you used:
 201 strings out of 493323
 2395 string characters out of 3105036
 53648 words of memory out of 3000000
 3830 multiletter control sequences out of 15000+200000
 3640 words of font info for 14 fonts, out of 3000000 for 9000
 1141 hyphenation exceptions out of 8191
 23i,0n,17p,152b,36s stack positions out of 5000i,500n,10000p,200000b,50000s
!  ==> Fatal error occurred, no output PDF file produced!
